<?xml version="1.0" encoding="UTF-8"?>
<testsuite xmlns:xsi="http://www.w3.org/2001/XMLSchema-instance" xsi:noNamespaceSchemaLocation="https://maven.apache.org/surefire/maven-surefire-plugin/xsd/surefire-test-report.xsd" name="org.mps.deque.DoublyLinkedListDequeTest" time="0.025" tests="19" errors="0" skipped="0" failures="0">
  <properties>
[...]
</properties>
  <testcase name="deleteFirstEmpty" classname="org.mps.deque.DoublyLinkedListDequeTest$WhenNew" time="0"/>
  <testcase name="deleteLastEmpty" classname="org.mps.deque.DoublyLinkedListDequeTest$WhenNew" time="0"/>
  <testcase name="firstEmpty" classname="org.mps.deque.DoublyLinkedListDequeTest$WhenNew" time="0"/>
  <testcase name="lastEmpty" classname="org.mps.deque.DoublyLinkedListDequeTest$WhenNew" time="0"/>
  <testcase name="isEmpty" classname="org.mps.deque.DoublyLinkedListDequeTest$WhenNew" time="0"/>
  <testcase name="endDeleteFirst" classname="org.mps.deque.DoublyLinkedListDequeTest$WhenNew$AfterInsertingFirstEnd" time="0"/>
  <testcase name="endDeleteFirst" classname="org.mps.deque.DoublyLinkedListDequeTest$WhenNew$AfterInsertingFirstEnd$AfterInsertingFront" time="0.001"/>
  <testcase name="endDeleteFirst" classname="org.mps.deque.DoublyLinkedListDequeTest$WhenNew$AfterInsertingFront$AfterInsertingEnd" time="0"/>
  <testcase name="firstSameLast" classname="org.mps.deque.DoublyLinkedListDequeTest$WhenNew$AfterInsertingFirstEnd" time="0"/>
  <testcase name="firstSameLast" classname="org.mps.deque.DoublyLinkedListDequeTest$WhenNew$AfterInsertingFront" time="0.001"/>
  <testcase name="endEmpty" classname="org.mps.deque.DoublyLinkedListDequeTest$WhenNew$AfterInsertingFirstEnd" time="0.001"/>
  <testcase name="endDeleteLast" classname="org.mps.deque.DoublyLinkedListDequeTest$WhenNew$AfterInsertingFirstEnd" time="0"/>
  <testcase name="endDeleteLast" classname="org.mps.deque.DoublyLinkedListDequeTest$WhenNew$AfterInsertingFirstEnd$AfterInsertingFront" time="0"/>
  <testcase name="endDeleteLast" classname="org.mps.deque.DoublyLinkedListDequeTest$WhenNew$AfterInsertingFront$AfterInsertingEnd" time="0"/>
  <testcase name="frontDeleteFirst" classname="org.mps.deque.DoublyLinkedListDequeTest$WhenNew$AfterInsertingFirstEnd$AfterInsertingFront" time="0.001"/>
  <testcase name="frontDeleteFirst" classname="org.mps.deque.DoublyLinkedListDequeTest$WhenNew$AfterInsertingFront" time="0"/>
  <testcase name="frontEmpty" classname="org.mps.deque.DoublyLinkedListDequeTest$WhenNew$AfterInsertingFront" time="0"/>
  <testcase name="frontDeleteLast" classname="org.mps.deque.DoublyLinkedListDequeTest$WhenNew$AfterInsertingFront" time="0.001"/>
  <testcase name="firstNotSameLast" classname="org.mps.deque.DoublyLinkedListDequeTest$WhenNew$AfterInsertingFront$AfterInsertingEnd" time="0.002"/>
</testsuite>